This is pdfTeX, Version 3.141592653-2.6-1.40.22 (TeX Live 2022/dev/Debian) (preloaded format=pdflatex 2023.5.31)  18 NOV 2023 19:45
entering extended mode
 restricted \write18 enabled.
 %&-line parsing enabled.
**Caratula.tex
(./Caratula.tex
LaTeX2e <2021-11-15> patch level 1
L3 programming layer <2022-01-21>

! LaTeX Error: Environment titlepage undefined.

See the LaTeX manual or LaTeX Companion for explanation.
Type  H <return>  for immediate help.
 ...                                              
                                                  
l.1 \begin{titlepage}
                     
Your command was ignored.
Type  I <command> <return>  to replace it with another command,
or  <return>  to continue without it.


! LaTeX Error: Missing \begin{document}.

See the LaTeX manual or LaTeX Companion for explanation.
Type  H <return>  for immediate help.
 ...                                              
                                                  
l.3 \begin{center}
                  
You're in trouble here.  Try typing  <return>  to proceed.
If that doesn't work, type  X <return>  to quit.


Overfull \hbox (20.0pt too wide) in paragraph at lines 3--3
[] 
 []

! Undefined control sequence.
<recently read> \LARGE 
                       
l.9 ...tsc{\LARGE Instituto Politécnico Nacional}
                                                  \\[0.5cm]
The control sequence at the end of the top line
of your error message was never \def'ed. If you have
misspelled it (e.g., `\hobx'), type `I' and the correct
spelling (e.g., `I\hbox'). Otherwise just continue,
and I'll forget about whatever was undefined.


Overfull \hbox (48.01083pt too wide) in paragraph at lines 9--9
 \OT1/cmr/m/sc/10 Instituto 
 []


Overfull \hbox (60.74962pt too wide) in paragraph at lines 9--9
 \OT1/cmr/m/sc/10 Polit[]ecnico 
 []


Overfull \hbox (18.04987pt too wide) in paragraph at lines 9--9
 \OT1/cmr/m/sc/10 Na- 
 []


Overfull \hbox (32.68874pt too wide) in paragraph at lines 9--9
 \OT1/cmr/m/sc/10 cional 
 []

! Undefined control sequence.
<recently read> \LARGE 
                       
l.10 ...Centro de Investigación en Computación }
                                                  \\[1.5cm]
The control sequence at the end of the top line
of your error message was never \def'ed. If you have
misspelled it (e.g., `\hobx'), type `I' and the correct
spelling (e.g., `I\hbox'). Otherwise just continue,
and I'll forget about whatever was undefined.


Overfull \hbox (37.63867pt too wide) in paragraph at lines 10--10
 []\OT1/cmr/m/sc/10 Centro 
 []


Overfull \hbox (11.82217pt too wide) in paragraph at lines 10--10
 \OT1/cmr/m/sc/10 de 
 []


Overfull \hbox (13.96655pt too wide) in paragraph at lines 10--10
 \OT1/cmr/m/sc/10 In- 
 []


Overfull \hbox (20.06656pt too wide) in paragraph at lines 10--10
 \OT1/cmr/m/sc/10 ves- 
 []


Overfull \hbox (12.71101pt too wide) in paragraph at lines 10--10
 \OT1/cmr/m/sc/10 ti- 
 []


Overfull \hbox (33.74428pt too wide) in paragraph at lines 10--10
 \OT1/cmr/m/sc/10 gaci[]on 
 []


Overfull \hbox (11.71106pt too wide) in paragraph at lines 10--10
 \OT1/cmr/m/sc/10 en 
 []


Overfull \hbox (25.46094pt too wide) in paragraph at lines 10--10
 \OT1/cmr/m/sc/10 Com- 
 []


Overfull \hbox (44.28865pt too wide) in paragraph at lines 10--10
 \OT1/cmr/m/sc/10 putaci[]on 
 []

! Undefined control sequence.
<recently read> \Large 
                       
l.13 ...Doctorado en ciencias de la computación }
                                                  \\[0.5cm]
The control sequence at the end of the top line
of your error message was never \def'ed. If you have
misspelled it (e.g., `\hobx'), type `I' and the correct
spelling (e.g., `I\hbox'). Otherwise just continue,
and I'll forget about whatever was undefined.


Overfull \hbox (57.58028pt too wide) in paragraph at lines 13--13
 []\OT1/cmr/m/sc/10 Doctorado 
 []


Overfull \hbox (11.71106pt too wide) in paragraph at lines 13--13
 \OT1/cmr/m/sc/10 en 
 []


Overfull \hbox (24.42207pt too wide) in paragraph at lines 13--13
 \OT1/cmr/m/sc/10 cien- 
 []


Overfull \hbox (19.64435pt too wide) in paragraph at lines 13--13
 \OT1/cmr/m/sc/10 cias 
 []


Overfull \hbox (11.82217pt too wide) in paragraph at lines 13--13
 \OT1/cmr/m/sc/10 de 
 []


Overfull \hbox (11.26662pt too wide) in paragraph at lines 13--13
 \OT1/cmr/m/sc/10 la 
 []


Overfull \hbox (23.51097pt too wide) in paragraph at lines 13--13
 \OT1/cmr/m/sc/10 com- 
 []


Overfull \hbox (44.28865pt too wide) in paragraph at lines 13--13
 \OT1/cmr/m/sc/10 putaci[]on 
 []

! Undefined control sequence.
<recently read> \Large 
                       
l.14 \textsc{\Large }
                     \\[0.5cm]
The control sequence at the end of the top line
of your error message was never \def'ed. If you have
misspelled it (e.g., `\hobx'), type `I' and the correct
spelling (e.g., `I\hbox'). Otherwise just continue,
and I'll forget about whatever was undefined.

! Undefined control sequence.
l.17 { \huge
             \bfseries Decodificación neuronal mediante Redes Neuronales Pr...
The control sequence at the end of the top line
of your error message was never \def'ed. If you have
misspelled it (e.g., `\hobx'), type `I' and the correct
spelling (e.g., `I\hbox'). Otherwise just continue,
and I'll forget about whatever was undefined.


Overfull \hbox (72.38849pt too wide) in paragraph at lines 17--17
 []\OT1/cmr/bx/n/10 Decodificaci^^Son 
 []


Overfull \hbox (21.88184pt too wide) in paragraph at lines 17--17
 \OT1/cmr/bx/n/10 neu- 
 []


Overfull \hbox (25.65958pt too wide) in paragraph at lines 17--17
 \OT1/cmr/bx/n/10 ronal 
 []


Overfull \hbox (18.68741pt too wide) in paragraph at lines 17--17
 \OT1/cmr/bx/n/10 me- 
 []


Overfull \hbox (13.4166pt too wide) in paragraph at lines 17--17
 \OT1/cmr/bx/n/10 di- 
 []


Overfull \hbox (21.40265pt too wide) in paragraph at lines 17--17
 \OT1/cmr/bx/n/10 ante 
 []


Overfull \hbox (17.72908pt too wide) in paragraph at lines 17--17
 \OT1/cmr/bx/n/10 Re- 
 []


Overfull \hbox (16.19574pt too wide) in paragraph at lines 17--17
 \OT1/cmr/bx/n/10 des 
 []


Overfull \hbox (24.49294pt too wide) in paragraph at lines 17--17
 \OT1/cmr/bx/n/10 Neu- 
 []


Overfull \hbox (35.46646pt too wide) in paragraph at lines 17--17
 \OT1/cmr/bx/n/10 ronales 
 []


Overfull \hbox (22.18045pt too wide) in paragraph at lines 17--17
 \OT1/cmr/bx/n/10 Pro- 
 []


Overfull \hbox (20.1249pt too wide) in paragraph at lines 17--17
 \OT1/cmr/bx/n/10 fun- 
 []


Overfull \hbox (16.51515pt too wide) in paragraph at lines 17--17
 \OT1/cmr/bx/n/10 das 
 []

! Undefined control sequence.
l.22 \begin{center} \large
                          
The control sequence at the end of the top line
of your error message was never \def'ed. If you have
misspelled it (e.g., `\hobx'), type `I' and the correct
spelling (e.g., `I\hbox'). Otherwise just continue,
and I'll forget about whatever was undefined.

Missing character: There is no S in font nullfont!
Missing character: There is no a in font nullfont!
Missing character: There is no n in font nullfont!
Missing character: There is no t in font nullfont!
Missing character: There is no i in font nullfont!
Missing character: There is no a in font nullfont!
Missing character: There is no g in font nullfont!
Missing character: There is no o in font nullfont!
Missing character: There is no I in font nullfont!
Missing character: There is no s in font nullfont!
Missing character: There is no a in font nullfont!
Missing character: There is no a in font nullfont!
Missing character: There is no c in font nullfont!
Missing character: There is no F in font nullfont!
Missing character: There is no l in font nullfont!
Missing character: There is no o in font nullfont!
Missing character: There is no r in font nullfont!
Missing character: There is no e in font nullfont!
Missing character: There is no s in font nullfont!
Missing character: There is no A in font nullfont!
Missing character: There is no l in font nullfont!
Missing character: There is no o in font nullfont!
Missing character: There is no n in font nullfont!
Missing character: There is no s in font nullfont!
Missing character: There is no o in font nullfont!
LaTeX Font Info:    External font `cmex10' loaded for size
(Font)              <7> on input line 30.
LaTeX Font Info:    External font `cmex10' loaded for size
(Font)              <5> on input line 30.

Overfull \hbox (6553.62498pt too wide) in paragraph at lines 21--38
 []$[]$ 
 []

! Undefined control sequence.
l.41 \large
            \textbf{DIRIGE:}\\
The control sequence at the end of the top line
of your error message was never \def'ed. If you have
misspelled it (e.g., `\hobx'), type `I' and the correct
spelling (e.g., `I\hbox'). Otherwise just continue,
and I'll forget about whatever was undefined.


Overfull \hbox (45.95807pt too wide) in paragraph at lines 41--41
 []\OT1/cmr/bx/n/10 DIRIGE: 
 []

! Undefined control sequence.
l.42 {\large
            } Dr. René Luna García
The control sequence at the end of the top line
of your error message was never \def'ed. If you have
misspelled it (e.g., `\hobx'), type `I' and the correct
spelling (e.g., `I\hbox'). Otherwise just continue,
and I'll forget about whatever was undefined.

Missing character: There is no D in font nullfont!
Missing character: There is no r in font nullfont!
Missing character: There is no . in font nullfont!
Missing character: There is no R in font nullfont!
Missing character: There is no e in font nullfont!
Missing character: There is no n in font nullfont!
LaTeX Font Info:    Trying to load font information for +cmr on input line 42.
LaTeX Font Info:    No file cmr.fd. on input line 42.

LaTeX Font Warning: Font shape `/cmr/m/n' undefined
(Font)              using `/cmr/m/n' instead on input line 42.

! Corrupted NFSS tables.
wrong@fontshape ...message {Corrupted NFSS tables}
                                                  error@fontshape else let f...
l.42 {\large} Dr. René
                        Luna García
This error message was generated by an \errmessage
command, so I can't give any explicit help.
Pretend that you're Hercule Poirot: Examine all clues,
and deduce the truth by order and method.


LaTeX Font Warning: Font shape `/cmr/m/n' undefined
(Font)              using `OT1/cmr/m/n' instead on input line 42.

Missing character: There is no L in font nullfont!
Missing character: There is no u in font nullfont!
Missing character: There is no n in font nullfont!
Missing character: There is no a in font nullfont!
Missing character: There is no G in font nullfont!
Missing character: There is no a in font nullfont!
Missing character: There is no r in font nullfont!
Missing character: There is no c in font nullfont!
Missing character: There is no a in font nullfont!

Overfull \hbox (9.44446pt too wide) in paragraph at lines 42--43
 \/cmr/m/n/10 ^^Se 
 []


Overfull \hbox (2.77779pt too wide) in paragraph at lines 42--43
 \/cmr/m/n/10 ^^S^^P 
 []


! LaTeX Error: \begin{document} ended by \end{titlepage}.

See the LaTeX manual or LaTeX Companion for explanation.
Type  H <return>  for immediate help.
 ...                                              
                                                  
l.45 \end{titlepage}
                    
Your command was ignored.
Type  I <command> <return>  to replace it with another command,
or  <return>  to continue without it.

)
! Emergency stop.
<*> Caratula.tex
                
*** (job aborted, no legal \end found)

 
Here is how much of TeX's memory you used:
 39 strings out of 478287
 604 string characters out of 5849289
 291006 words of memory out of 5000000
 18333 multiletter control sequences out of 15000+600000
 469868 words of font info for 30 fonts, out of 8000000 for 9000
 1141 hyphenation exceptions out of 8191
 23i,3n,32p,142b,232s stack positions out of 5000i,500n,10000p,200000b,80000s
!  ==> Fatal error occurred, no output PDF file produced!
