This is pdfTeX, Version 3.141592653-2.6-1.40.22 (TeX Live 2022/dev/Debian) (preloaded format=pdflatex 2023.5.31)  28 FEB 2024 11:31
entering extended mode
 restricted \write18 enabled.
 %&-line parsing enabled.
**NeuroDecodingTex.tex
(./NeuroDecodingTex.tex
LaTeX2e <2021-11-15> patch level 1
L3 programming layer <2022-01-21>
(/usr/share/texlive/texmf-dist/tex/latex/base/article.cls
Document Class: article 2021/10/04 v1.4n Standard LaTeX document class
(/usr/share/texlive/texmf-dist/tex/latex/base/size11.clo
File: size11.clo 2021/10/04 v1.4n Standard LaTeX file (size option)
)
\c@part=\count185
\c@section=\count186
\c@subsection=\count187
\c@subsubsection=\count188
\c@paragraph=\count189
\c@subparagraph=\count190
\c@figure=\count191
\c@table=\count192
\abovecaptionskip=\skip47
\belowcaptionskip=\skip48
\bibindent=\dimen138
)
(/usr/share/texlive/texmf-dist/tex/latex/realboxes/realboxes.sty
Package: realboxes 2011/08/08 v0.2 Change box commands to read there content as
 real boxes

(/usr/share/texlive/texmf-dist/tex/latex/collectbox/collectbox.sty
Package: collectbox 2012/05/17 v0.4b Collect macro arguments as boxes
\collectedbox=\box50
)
(/usr/share/texlive/texmf-dist/tex/latex/adjustbox/adjcalc.sty
Package: adjcalc 2012/05/16 v1.1 Provides advanced setlength with multiple back
-ends (calc, etex, pgfmath)

(/usr/share/texlive/texmf-dist/tex/latex/xkeyval/xkeyval.sty
Package: xkeyval 2020/11/20 v2.8 package option processing (HA)

(/usr/share/texlive/texmf-dist/tex/generic/xkeyval/xkeyval.tex
(/usr/share/texlive/texmf-dist/tex/generic/xkeyval/xkvutils.tex
\XKV@toks=\toks16
\XKV@tempa@toks=\toks17

(/usr/share/texlive/texmf-dist/tex/generic/xkeyval/keyval.tex))
\XKV@depth=\count193
File: xkeyval.tex 2014/12/03 v2.7a key=value parser (HA)
)))
(/usr/share/texlive/texmf-dist/tex/latex/graphics/graphicx.sty
Package: graphicx 2021/09/16 v1.2d Enhanced LaTeX Graphics (DPC,SPQR)

(/usr/share/texlive/texmf-dist/tex/latex/graphics/graphics.sty
Package: graphics 2021/03/04 v1.4d Standard LaTeX Graphics (DPC,SPQR)

(/usr/share/texlive/texmf-dist/tex/latex/graphics/trig.sty
Package: trig 2021/08/11 v1.11 sin cos tan (DPC)
)
(/usr/share/texlive/texmf-dist/tex/latex/graphics-cfg/graphics.cfg
File: graphics.cfg 2016/06/04 v1.11 sample graphics configuration
)
Package graphics Info: Driver file: pdftex.def on input line 107.

(/usr/share/texlive/texmf-dist/tex/latex/graphics-def/pdftex.def
File: pdftex.def 2020/10/05 v1.2a Graphics/color driver for pdftex
))
\Gin@req@height=\dimen139
\Gin@req@width=\dimen140
))
(/usr/share/texlive/texmf-dist/tex/latex/caption/caption.sty
Package: caption 2020/10/26 v3.5g Customizing captions (AR)

(/usr/share/texlive/texmf-dist/tex/latex/caption/caption3.sty
Package: caption3 2020/10/21 v2.2e caption3 kernel (AR)
\captionmargin=\dimen141
\captionmargin@=\dimen142
\captionwidth=\dimen143
\caption@tempdima=\dimen144
\caption@indent=\dimen145
\caption@parindent=\dimen146
\caption@hangindent=\dimen147
Package caption Info: Standard document class detected.
)
\c@caption@flags=\count194
\c@continuedfloat=\count195
)
(/usr/share/texlive/texmf-dist/tex/latex/amsmath/amsmath.sty
Package: amsmath 2021/10/15 v2.17l AMS math features
\@mathmargin=\skip49

For additional information on amsmath, use the `?' option.
(/usr/share/texlive/texmf-dist/tex/latex/amsmath/amstext.sty
Package: amstext 2021/08/26 v2.01 AMS text

(/usr/share/texlive/texmf-dist/tex/latex/amsmath/amsgen.sty
File: amsgen.sty 1999/11/30 v2.0 generic functions
\@emptytoks=\toks18
\ex@=\dimen148
))
(/usr/share/texlive/texmf-dist/tex/latex/amsmath/amsbsy.sty
Package: amsbsy 1999/11/29 v1.2d Bold Symbols
\pmbraise@=\dimen149
)
(/usr/share/texlive/texmf-dist/tex/latex/amsmath/amsopn.sty
Package: amsopn 2021/08/26 v2.02 operator names
)
\inf@bad=\count196
LaTeX Info: Redefining \frac on input line 234.
\uproot@=\count197
\leftroot@=\count198
LaTeX Info: Redefining \overline on input line 399.
\classnum@=\count199
\DOTSCASE@=\count266
LaTeX Info: Redefining \ldots on input line 496.
LaTeX Info: Redefining \dots on input line 499.
LaTeX Info: Redefining \cdots on input line 620.
\Mathstrutbox@=\box51
\strutbox@=\box52
\big@size=\dimen150
LaTeX Font Info:    Redeclaring font encoding OML on input line 743.
LaTeX Font Info:    Redeclaring font encoding OMS on input line 744.
\macc@depth=\count267
\c@MaxMatrixCols=\count268
\dotsspace@=\muskip16
\c@parentequation=\count269
\dspbrk@lvl=\count270
\tag@help=\toks19
\row@=\count271
\column@=\count272
\maxfields@=\count273
\andhelp@=\toks20
\eqnshift@=\dimen151
\alignsep@=\dimen152
\tagshift@=\dimen153
\tagwidth@=\dimen154
\totwidth@=\dimen155
\lineht@=\dimen156
\@envbody=\toks21
\multlinegap=\skip50
\multlinetaggap=\skip51
\mathdisplay@stack=\toks22
LaTeX Info: Redefining \[ on input line 2938.
LaTeX Info: Redefining \] on input line 2939.
)
(/usr/share/texlive/texmf-dist/tex/latex/amsfonts/amssymb.sty
Package: amssymb 2013/01/14 v3.01 AMS font symbols

(/usr/share/texlive/texmf-dist/tex/latex/amsfonts/amsfonts.sty
Package: amsfonts 2013/01/14 v3.01 Basic AMSFonts support
\symAMSa=\mathgroup4
\symAMSb=\mathgroup5
LaTeX Font Info:    Redeclaring math symbol \hbar on input line 98.
LaTeX Font Info:    Overwriting math alphabet `\mathfrak' in version `bold'
(Font)                  U/euf/m/n --> U/euf/b/n on input line 106.
))
(/usr/share/texlive/texmf-dist/tex/latex/url/url.sty
\Urlmuskip=\muskip17
Package: url 2013/09/16  ver 3.4  Verb mode for urls, etc.
)
(/usr/share/texlive/texmf-dist/tex/latex/appendix/appendix.sty
Package: appendix 2020/02/08 v1.2c extra appendix facilities
\c@@pps=\count274
\c@@ppsavesec=\count275
\c@@ppsaveapp=\count276
)
(/usr/share/texlive/texmf-dist/tex/latex/anysize/anysize.sty
Package: anysize 1994/08/13 setting margin sizes

document style option `anysize' loaded
Michael Salzenberg, Thomas Esser, Dirk Hillbrecht
Version 1.0, Aug 13, 1994
\@Leftmargin=\dimen157
\@Rightmargin=\dimen158
\@Topmargin=\dimen159
\@Bottommargin=\dimen160
) (/usr/share/texlive/texmf-dist/tex/latex/fancyhdr/fancyhdr.sty
Package: fancyhdr 2021/01/28 v4.0.1 Extensive control of page headers and foote
rs
\f@nch@headwidth=\skip52
\f@nch@O@elh=\skip53
\f@nch@O@erh=\skip54
\f@nch@O@olh=\skip55
\f@nch@O@orh=\skip56
\f@nch@O@elf=\skip57
\f@nch@O@erf=\skip58
\f@nch@O@olf=\skip59
\f@nch@O@orf=\skip60
)
(/usr/share/texlive/texmf-dist/tex/latex/float/float.sty
Package: float 2001/11/08 v1.3d Float enhancements (AL)
\c@float@type=\count277
\float@exts=\toks23
\float@box=\box53
\@float@everytoks=\toks24
\@floatcapt=\box54
)
(/usr/share/texlive/texmf-dist/tex/latex/epstopdf-pkg/epstopdf.sty
Package: epstopdf 2020-01-24 v2.11 Conversion with epstopdf on the fly (HO)

(/usr/share/texlive/texmf-dist/tex/generic/infwarerr/infwarerr.sty
Package: infwarerr 2019/12/03 v1.5 Providing info/warning/error messages (HO)
)
(/usr/share/texlive/texmf-dist/tex/latex/grfext/grfext.sty
Package: grfext 2019/12/03 v1.3 Manage graphics extensions (HO)

(/usr/share/texlive/texmf-dist/tex/generic/kvdefinekeys/kvdefinekeys.sty
Package: kvdefinekeys 2019-12-19 v1.6 Define keys (HO)
))
(/usr/share/texlive/texmf-dist/tex/latex/kvoptions/kvoptions.sty
Package: kvoptions 2020-10-07 v3.14 Key value format for package options (HO)

(/usr/share/texlive/texmf-dist/tex/generic/ltxcmds/ltxcmds.sty
Package: ltxcmds 2020-05-10 v1.25 LaTeX kernel commands for general use (HO)
)
(/usr/share/texlive/texmf-dist/tex/generic/kvsetkeys/kvsetkeys.sty
Package: kvsetkeys 2019/12/15 v1.18 Key value parser (HO)
))
(/usr/share/texlive/texmf-dist/tex/generic/pdftexcmds/pdftexcmds.sty
Package: pdftexcmds 2020-06-27 v0.33 Utility functions of pdfTeX for LuaTeX (HO
)

(/usr/share/texlive/texmf-dist/tex/generic/iftex/iftex.sty
Package: iftex 2020/03/06 v1.0d TeX engine tests
)
Package pdftexcmds Info: \pdf@primitive is available.
Package pdftexcmds Info: \pdf@ifprimitive is available.
Package pdftexcmds Info: \pdfdraftmode found.
)
(/usr/share/texlive/texmf-dist/tex/latex/epstopdf-pkg/epstopdf-base.sty
Package: epstopdf-base 2020-01-24 v2.11 Base part for package epstopdf
Package epstopdf-base Info: Redefining graphics rule for `.eps' on input line 4
85.
Package grfext Info: Graphics extension search list:
(grfext)             [.pdf,.png,.jpg,.mps,.jpeg,.jbig2,.jb2,.PDF,.PNG,.JPG,.JPE
G,.JBIG2,.JB2,.eps]
(grfext)             \AppendGraphicsExtensions on input line 504.

(/usr/share/texlive/texmf-dist/tex/latex/latexconfig/epstopdf-sys.cfg
File: epstopdf-sys.cfg 2010/07/13 v1.3 Configuration of (r)epstopdf for TeX Liv
e
)))
(/usr/share/texlive/texmf-dist/tex/latex/base/inputenc.sty
Package: inputenc 2021/02/14 v1.3d Input encoding file
\inpenc@prehook=\toks25
\inpenc@posthook=\toks26
)
(/usr/share/texlive/texmf-dist/tex/generic/babel/babel.sty
Package: babel 2022/01/26 3.70 The Babel package
\babel@savecnt=\count278
\U@D=\dimen161
\l@unhyphenated=\language87

(/usr/share/texlive/texmf-dist/tex/generic/babel/txtbabel.def)
\bbl@readstream=\read2
\bbl@dirlevel=\count279

(/usr/share/texlive/texmf-dist/tex/generic/babel-spanish/spanish.ldf
Language: spanish.ldf 2021/05/27 v5.0q Spanish support from the babel system
\es@quottoks=\toks27
\es@quotdepth=\count280
Package babel Info: Making " an active character on input line 570.
))
(/usr/share/texlive/texmf-dist/tex/latex/psnfss/helvet.sty
Package: helvet 2020/03/25 PSNFSS-v9.3 (WaS) 
)
(/usr/share/texlive/texmf-dist/tex/latex/hyperref/hyperref.sty
Package: hyperref 2021-06-07 v7.00m Hypertext links for LaTeX

(/usr/share/texlive/texmf-dist/tex/generic/pdfescape/pdfescape.sty
Package: pdfescape 2019/12/09 v1.15 Implements pdfTeX's escape features (HO)
)
(/usr/share/texlive/texmf-dist/tex/latex/hycolor/hycolor.sty
Package: hycolor 2020-01-27 v1.10 Color options for hyperref/bookmark (HO)
)
(/usr/share/texlive/texmf-dist/tex/latex/letltxmacro/letltxmacro.sty
Package: letltxmacro 2019/12/03 v1.6 Let assignment for LaTeX macros (HO)
)
(/usr/share/texlive/texmf-dist/tex/latex/auxhook/auxhook.sty
Package: auxhook 2019-12-17 v1.6 Hooks for auxiliary files (HO)
)
\@linkdim=\dimen162
\Hy@linkcounter=\count281
\Hy@pagecounter=\count282

(/usr/share/texlive/texmf-dist/tex/latex/hyperref/pd1enc.def
File: pd1enc.def 2021-06-07 v7.00m Hyperref: PDFDocEncoding definition (HO)
Now handling font encoding PD1 ...
... no UTF-8 mapping file for font encoding PD1
)
(/usr/share/texlive/texmf-dist/tex/latex/hyperref/hyperref-langpatches.def
File: hyperref-langpatches.def 2021-06-07 v7.00m Hyperref: patches for babel la
nguages
)
(/usr/share/texlive/texmf-dist/tex/generic/intcalc/intcalc.sty
Package: intcalc 2019/12/15 v1.3 Expandable calculations with integers (HO)
)
(/usr/share/texlive/texmf-dist/tex/generic/etexcmds/etexcmds.sty
Package: etexcmds 2019/12/15 v1.7 Avoid name clashes with e-TeX commands (HO)
)
\Hy@SavedSpaceFactor=\count283

(/usr/share/texlive/texmf-dist/tex/latex/hyperref/puenc.def
File: puenc.def 2021-06-07 v7.00m Hyperref: PDF Unicode definition (HO)
Now handling font encoding PU ...
... no UTF-8 mapping file for font encoding PU
)
Package hyperref Info: Option `colorlinks' set `true' on input line 4073.
Package hyperref Info: Hyper figures OFF on input line 4192.
Package hyperref Info: Link nesting OFF on input line 4197.
Package hyperref Info: Hyper index ON on input line 4200.
Package hyperref Info: Plain pages OFF on input line 4207.
Package hyperref Info: Backreferencing OFF on input line 4212.
Package hyperref Info: Implicit mode ON; LaTeX internals redefined.
Package hyperref Info: Bookmarks ON on input line 4445.
\c@Hy@tempcnt=\count284
LaTeX Info: Redefining \url on input line 4804.
\XeTeXLinkMargin=\dimen163

(/usr/share/texlive/texmf-dist/tex/generic/bitset/bitset.sty
Package: bitset 2019/12/09 v1.3 Handle bit-vector datatype (HO)

(/usr/share/texlive/texmf-dist/tex/generic/bigintcalc/bigintcalc.sty
Package: bigintcalc 2019/12/15 v1.5 Expandable calculations on big integers (HO
)
))
\Fld@menulength=\count285
\Field@Width=\dimen164
\Fld@charsize=\dimen165
Package hyperref Info: Hyper figures OFF on input line 6076.
Package hyperref Info: Link nesting OFF on input line 6081.
Package hyperref Info: Hyper index ON on input line 6084.
Package hyperref Info: backreferencing OFF on input line 6091.
Package hyperref Info: Link coloring ON on input line 6094.
Package hyperref Info: Link coloring with OCG OFF on input line 6101.
Package hyperref Info: PDF/A mode OFF on input line 6106.
LaTeX Info: Redefining \ref on input line 6146.
LaTeX Info: Redefining \pageref on input line 6150.

(/usr/share/texlive/texmf-dist/tex/latex/base/atbegshi-ltx.sty
Package: atbegshi-ltx 2021/01/10 v1.0c Emulation of the original atbegshi
package with kernel methods
)
\Hy@abspage=\count286
\c@Item=\count287
\c@Hfootnote=\count288
)
Package hyperref Info: Driver (autodetected): hpdftex.

(/usr/share/texlive/texmf-dist/tex/latex/hyperref/hpdftex.def
File: hpdftex.def 2021-06-07 v7.00m Hyperref driver for pdfTeX

(/usr/share/texlive/texmf-dist/tex/latex/base/atveryend-ltx.sty
Package: atveryend-ltx 2020/08/19 v1.0a Emulation of the original atveryend pac
kage
with kernel methods
)
\Fld@listcount=\count289
\c@bookmark@seq@number=\count290

(/usr/share/texlive/texmf-dist/tex/latex/rerunfilecheck/rerunfilecheck.sty
Package: rerunfilecheck 2019/12/05 v1.9 Rerun checks for auxiliary files (HO)

(/usr/share/texlive/texmf-dist/tex/generic/uniquecounter/uniquecounter.sty
Package: uniquecounter 2019/12/15 v1.4 Provide unlimited unique counter (HO)
)
Package uniquecounter Info: New unique counter `rerunfilecheck' on input line 2
86.
)
\Hy@SectionHShift=\skip61
)
(/usr/share/texlive/texmf-dist/tex/latex/amscls/amsthm.sty
Package: amsthm 2020/05/29 v2.20.6
\thm@style=\toks28
\thm@bodyfont=\toks29
\thm@headfont=\toks30
\thm@notefont=\toks31
\thm@headpunct=\toks32
\thm@preskip=\skip62
\thm@postskip=\skip63
\thm@headsep=\skip64
\dth@everypar=\toks33
)
(/usr/share/texlive/texmf-dist/tex/latex/amsmath/amscd.sty
Package: amscd 2017/04/14 v2.1 AMS Commutative Diagrams
\athelp@=\toks34
\minaw@=\dimen166
\bigaw@=\dimen167
\minCDarrowwidth=\dimen168
)
(/usr/share/texlive/texmf-dist/tex/latex/was/upgreek.sty
Package: upgreek 2003/02/12 v2.0 (WaS)
Package upgreek Info: Using Euler Roman for upright Greek on input line 31.
\symugrf@m=\mathgroup6
LaTeX Font Info:    Overwriting symbol font `ugrf@m' in version `bold'
(Font)                  U/eur/m/n --> U/eur/b/n on input line 38.
)
(/usr/share/texlive/texmf-dist/tex/generic/mathdots/mathdots.sty
Package: mathdots 2014/06/11 v0.9 Improve and add various macros for dots in ma
th.
\MDo@unit=\dimen169
\MDo@dotsbox=\box55
\MDoprekern=\muskip18
\MDopostkern=\muskip19
\MDodotkern=\muskip20
)
(/usr/share/texlive/texmf-dist/tex/latex/tools/longtable.sty
Package: longtable 2021-09-01 v4.17 Multi-page Table package (DPC)
\LTleft=\skip65
\LTright=\skip66
\LTpre=\skip67
\LTpost=\skip68
\LTchunksize=\count291
\LTcapwidth=\dimen170
\LT@head=\box56
\LT@firsthead=\box57
\LT@foot=\box58
\LT@lastfoot=\box59
\LT@gbox=\box60
\LT@cols=\count292
\LT@rows=\count293
\c@LT@tables=\count294
\c@LT@chunks=\count295
\LT@p@ftn=\toks35
)
Package hyperref Info: Option `colorlinks' set `true' on input line 50.
LaTeX Font Info:    Trying to load font information for OT1+phv on input line 5
3.

(/usr/share/texlive/texmf-dist/tex/latex/psnfss/ot1phv.fd
File: ot1phv.fd 2020/03/25 scalable font definitions for OT1/phv.
)
(/usr/share/texlive/texmf-dist/tex/latex/l3backend/l3backend-pdftex.def
File: l3backend-pdftex.def 2022-01-12 L3 backend support: PDF output (pdfTeX)
\l__color_backend_stack_int=\count296
\l__pdf_internal_box=\box61
)
(./NeuroDecodingTex.aux
LaTeX Info: Redefining \. on input line 22.
LaTeX Info: Redefining \% on input line 22.


LaTeX Warning: Label `fig:Fig15' multiply defined.


LaTeX Warning: Label `fig:Fig16' multiply defined.


LaTeX Warning: Label `fig:Fig20' multiply defined.

)
\openout1 = `NeuroDecodingTex.aux'.

LaTeX Font Info:    Checking defaults for OML/cmm/m/it on input line 53.
LaTeX Font Info:    ... okay on input line 53.
LaTeX Font Info:    Checking defaults for OMS/cmsy/m/n on input line 53.
LaTeX Font Info:    ... okay on input line 53.
LaTeX Font Info:    Checking defaults for OT1/cmr/m/n on input line 53.
LaTeX Font Info:    ... okay on input line 53.
LaTeX Font Info:    Checking defaults for T1/cmr/m/n on input line 53.
LaTeX Font Info:    ... okay on input line 53.
LaTeX Font Info:    Checking defaults for TS1/cmr/m/n on input line 53.
LaTeX Font Info:    ... okay on input line 53.
LaTeX Font Info:    Checking defaults for OMX/cmex/m/n on input line 53.
LaTeX Font Info:    ... okay on input line 53.
LaTeX Font Info:    Checking defaults for U/cmr/m/n on input line 53.
LaTeX Font Info:    ... okay on input line 53.
LaTeX Font Info:    Checking defaults for PD1/pdf/m/n on input line 53.
LaTeX Font Info:    ... okay on input line 53.
LaTeX Font Info:    Checking defaults for PU/pdf/m/n on input line 53.
LaTeX Font Info:    ... okay on input line 53.
 (/usr/share/texlive/texmf-dist/tex/context/base/mkii/supp-pdf.mkii
[Loading MPS to PDF converter (version 2006.09.02).]
\scratchcounter=\count297
\scratchdimen=\dimen171
\scratchbox=\box62
\nofMPsegments=\count298
\nofMParguments=\count299
\everyMPshowfont=\toks36
\MPscratchCnt=\count300
\MPscratchDim=\dimen172
\MPnumerator=\count301
\makeMPintoPDFobject=\count302
\everyMPtoPDFconversion=\toks37
)
Package caption Info: Begin \AtBeginDocument code.
Package caption Info: float package is loaded.
Package caption Info: hyperref package is loaded.
Package caption Info: longtable package is loaded.
 (/usr/share/texlive/texmf-dist/tex/latex/caption/ltcaption.sty
Package: ltcaption 2020/05/30 v1.4b longtable captions (AR)
)
Package caption Info: End \AtBeginDocument code.
LaTeX Info: Redefining \. on input line 53.
LaTeX Info: Redefining \% on input line 53.

(/usr/share/texlive/texmf-dist/tex/latex/graphics/color.sty
Package: color 2021/12/07 v1.3c Standard LaTeX Color (DPC)

(/usr/share/texlive/texmf-dist/tex/latex/graphics-cfg/color.cfg
File: color.cfg 2016/01/02 v1.6 sample color configuration
)
Package color Info: Driver file: pdftex.def on input line 149.
)
Package hyperref Info: Link coloring ON on input line 53.

(/usr/share/texlive/texmf-dist/tex/latex/hyperref/nameref.sty
Package: nameref 2021-04-02 v2.47 Cross-referencing by name of section

(/usr/share/texlive/texmf-dist/tex/latex/refcount/refcount.sty
Package: refcount 2019/12/15 v3.6 Data extraction from label references (HO)
)
(/usr/share/texlive/texmf-dist/tex/generic/gettitlestring/gettitlestring.sty
Package: gettitlestring 2019/12/15 v1.6 Cleanup title references (HO)
)
\c@section@level=\count303
)
LaTeX Info: Redefining \ref on input line 53.
LaTeX Info: Redefining \pageref on input line 53.
LaTeX Info: Redefining \nameref on input line 53.

(./NeuroDecodingTex.out) (./NeuroDecodingTex.out)
\@outlinefile=\write3
\openout3 = `NeuroDecodingTex.out'.

 (./Portada/Caratula.tex
LaTeX Font Info:    Trying to load font information for U+msa on input line 30.


(/usr/share/texlive/texmf-dist/tex/latex/amsfonts/umsa.fd
File: umsa.fd 2013/01/14 v3.01 AMS symbols A
)
LaTeX Font Info:    Trying to load font information for U+msb on input line 30.


(/usr/share/texlive/texmf-dist/tex/latex/amsfonts/umsb.fd
File: umsb.fd 2013/01/14 v3.01 AMS symbols B
) [1

{/var/lib/texmf/fonts/map/pdftex/updmap/pdftex.map}]) (./NeuroDecodingTex.toc
LaTeX Info: Redefining \. on input line 1.
LaTeX Info: Redefining \% on input line 1.
LaTeX Info: Redefining \. on input line 32.
LaTeX Info: Redefining \% on input line 32.


Package fancyhdr Warning: \headheight is too small (12.0pt): 
(fancyhdr)                Make it at least 14.30174pt, for example:
(fancyhdr)                \setlength{\headheight}{14.30174pt}.
(fancyhdr)                You might also make \topmargin smaller to compensate:

(fancyhdr)                \addtolength{\topmargin}{-2.30174pt}.

pdfTeX warning (ext4): destination with the same identifier (name{page.1}) has 
been already used, duplicate ignored
<to be read again> 
                   \relax 
l.32 ...i√≥n de demogr√°ficos}{48}{subsection.7.1}
                                                  % [1])
\tf@toc=\write4
\openout4 = `NeuroDecodingTex.toc'.

LaTeX Info: Redefining \. on input line 60.
LaTeX Info: Redefining \% on input line 60.


Package fancyhdr Warning: \headheight is too small (12.0pt): 
(fancyhdr)                Make it at least 14.30174pt, for example:
(fancyhdr)                \setlength{\headheight}{14.30174pt}.
(fancyhdr)                You might also make \topmargin smaller to compensate:

(fancyhdr)                \addtolength{\topmargin}{-2.30174pt}.

[2]
LaTeX Font Info:    Font shape `OT1/phv/m/it' in size <10.95> not available
(Font)              Font shape `OT1/phv/m/sl' tried instead on input line 70.


Package fancyhdr Warning: \headheight is too small (12.0pt): 
(fancyhdr)                Make it at least 13.59999pt, for example:
(fancyhdr)                \setlength{\headheight}{13.59999pt}.
(fancyhdr)                You might also make \topmargin smaller to compensate:

(fancyhdr)                \addtolength{\topmargin}{-1.59999pt}.

[3]

Package fancyhdr Warning: \headheight is too small (12.0pt): 
(fancyhdr)                Make it at least 13.59999pt, for example:
(fancyhdr)                \setlength{\headheight}{13.59999pt}.
(fancyhdr)                You might also make \topmargin smaller to compensate:

(fancyhdr)                \addtolength{\topmargin}{-1.59999pt}.

[4]
<./Img//SpatiotemporalRes.png, id=228, 961.5925pt x 643.40375pt>
File: ./Img//SpatiotemporalRes.png Graphic file (type png)
<use ./Img//SpatiotemporalRes.png>
Package pdftex.def Info: ./Img//SpatiotemporalRes.png  used on input line 105.
(pdftex.def)             Requested size: 340.37885pt x 227.74724pt.
LaTeX Font Info:    Font shape `OT1/phv/m/it' in size <8> not available
(Font)              Font shape `OT1/phv/m/sl' tried instead on input line 107.
LaTeX Info: Redefining \. on input line 115.
LaTeX Info: Redefining \% on input line 115.


Package fancyhdr Warning: \headheight is too small (12.0pt): 
(fancyhdr)                Make it at least 13.59999pt, for example:
(fancyhdr)                \setlength{\headheight}{13.59999pt}.
(fancyhdr)                You might also make \topmargin smaller to compensate:

(fancyhdr)                \addtolength{\topmargin}{-1.59999pt}.

[5 <./Img//SpatiotemporalRes.png>]
<./Img//SinkSource.png, id=241, 845.40843pt x 597.73312pt>
File: ./Img//SinkSource.png Graphic file (type png)
<use ./Img//SinkSource.png>
Package pdftex.def Info: ./Img//SinkSource.png  used on input line 124.
(pdftex.def)             Requested size: 340.37885pt x 240.65776pt.
LaTeX Info: Redefining \. on input line 132.
LaTeX Info: Redefining \% on input line 132.


Package fancyhdr Warning: \headheight is too small (12.0pt): 
(fancyhdr)                Make it at least 13.59999pt, for example:
(fancyhdr)                \setlength{\headheight}{13.59999pt}.
(fancyhdr)                You might also make \topmargin smaller to compensate:

(fancyhdr)                \addtolength{\topmargin}{-1.59999pt}.

[6 <./Img//SinkSource.png>]
<./Img//RadialVsTangent.png, id=259, 542.77782pt x 833.36343pt>
File: ./Img//RadialVsTangent.png Graphic file (type png)
<use ./Img//RadialVsTangent.png>
Package pdftex.def Info: ./Img//RadialVsTangent.png  used on input line 137.
(pdftex.def)             Requested size: 243.1288pt x 373.2934pt.
LaTeX Info: Redefining \. on input line 145.
LaTeX Info: Redefining \% on input line 145.


Package fancyhdr Warning: \headheight is too small (12.0pt): 
(fancyhdr)                Make it at least 13.59999pt, for example:
(fancyhdr)                \setlength{\headheight}{13.59999pt}.
(fancyhdr)                You might also make \topmargin smaller to compensate:

(fancyhdr)                \addtolength{\topmargin}{-1.59999pt}.

[7 <./Img//RadialVsTangent.png>]
LaTeX Info: Redefining \. on input line 162.
LaTeX Info: Redefining \% on input line 162.


Package fancyhdr Warning: \headheight is too small (12.0pt): 
(fancyhdr)                Make it at least 13.59999pt, for example:
(fancyhdr)                \setlength{\headheight}{13.59999pt}.
(fancyhdr)                You might also make \topmargin smaller to compensate:

(fancyhdr)                \addtolength{\topmargin}{-1.59999pt}.

[8]
LaTeX Info: Redefining \. on input line 186.
LaTeX Info: Redefining \% on input line 186.


Package fancyhdr Warning: \headheight is too small (12.0pt): 
(fancyhdr)                Make it at least 13.59999pt, for example:
(fancyhdr)                \setlength{\headheight}{13.59999pt}.
(fancyhdr)                You might also make \topmargin smaller to compensate:

(fancyhdr)                \addtolength{\topmargin}{-1.59999pt}.

[9]
LaTeX Info: Redefining \. on input line 309.
LaTeX Info: Redefining \% on input line 309.


Package fancyhdr Warning: \headheight is too small (12.0pt): 
(fancyhdr)                Make it at least 13.59999pt, for example:
(fancyhdr)                \setlength{\headheight}{13.59999pt}.
(fancyhdr)                You might also make \topmargin smaller to compensate:

(fancyhdr)                \addtolength{\topmargin}{-1.59999pt}.

[10]
<./Img//FieldPatternMEGvEEG.png, id=313, 597.73312pt x 283.0575pt>
File: ./Img//FieldPatternMEGvEEG.png Graphic file (type png)
<use ./Img//FieldPatternMEGvEEG.png>
Package pdftex.def Info: ./Img//FieldPatternMEGvEEG.png  used on input line 313
.
(pdftex.def)             Requested size: 340.37885pt x 161.18895pt.
LaTeX Info: Redefining \. on input line 338.
LaTeX Info: Redefining \% on input line 338.


Package fancyhdr Warning: \headheight is too small (12.0pt): 
(fancyhdr)                Make it at least 13.59999pt, for example:
(fancyhdr)                \setlength{\headheight}{13.59999pt}.
(fancyhdr)                You might also make \topmargin smaller to compensate:

(fancyhdr)                \addtolength{\topmargin}{-1.59999pt}.

[11 <./Img//FieldPatternMEGvEEG.png>]
<./Img//SpinningHidrogenFree.png, id=329, 845.40843pt x 597.73312pt>
File: ./Img//SpinningHidrogenFree.png Graphic file (type png)
<use ./Img//SpinningHidrogenFree.png>
Package pdftex.def Info: ./Img//SpinningHidrogenFree.png  used on input line 35
4.
(pdftex.def)             Requested size: 291.75752pt x 206.28198pt.
LaTeX Info: Redefining \. on input line 359.
LaTeX Info: Redefining \% on input line 359.


Package fancyhdr Warning: \headheight is too small (12.0pt): 
(fancyhdr)                Make it at least 13.59999pt, for example:
(fancyhdr)                \setlength{\headheight}{13.59999pt}.
(fancyhdr)                You might also make \topmargin smaller to compensate:

(fancyhdr)                \addtolength{\topmargin}{-1.59999pt}.

[12]
LaTeX Info: Redefining \. on input line 388.
LaTeX Info: Redefining \% on input line 388.


Package fancyhdr Warning: \headheight is too small (12.0pt): 
(fancyhdr)                Make it at least 13.59999pt, for example:
(fancyhdr)                \setlength{\headheight}{13.59999pt}.
(fancyhdr)                You might also make \topmargin smaller to compensate:

(fancyhdr)                \addtolength{\topmargin}{-1.59999pt}.

[13 <./Img//SpinningHidrogenFree.png>]
<./Img//SpinningHidrogenNoFree.png, id=352, 770.12718pt x 299.61937pt>
File: ./Img//SpinningHidrogenNoFree.png Graphic file (type png)
<use ./Img//SpinningHidrogenNoFree.png>
Package pdftex.def Info: ./Img//SpinningHidrogenNoFree.png  used on input line 
391.
(pdftex.def)             Requested size: 340.37885pt x 132.42268pt.
<./Img//Precesion.png, id=355, 845.40843pt x 597.73312pt>
File: ./Img//Precesion.png Graphic file (type png)
<use ./Img//Precesion.png>
Package pdftex.def Info: ./Img//Precesion.png  used on input line 410.
(pdftex.def)             Requested size: 340.37885pt x 240.65776pt.
LaTeX Info: Redefining \. on input line 415.
LaTeX Info: Redefining \% on input line 415.


Package fancyhdr Warning: \headheight is too small (12.0pt): 
(fancyhdr)                Make it at least 13.59999pt, for example:
(fancyhdr)                \setlength{\headheight}{13.59999pt}.
(fancyhdr)                You might also make \topmargin smaller to compensate:

(fancyhdr)                \addtolength{\topmargin}{-1.59999pt}.

[14 <./Img//SpinningHidrogenNoFree.png>]
LaTeX Info: Redefining \. on input line 436.
LaTeX Info: Redefining \% on input line 436.


Package fancyhdr Warning: \headheight is too small (12.0pt): 
(fancyhdr)                Make it at least 13.59999pt, for example:
(fancyhdr)                \setlength{\headheight}{13.59999pt}.
(fancyhdr)                You might also make \topmargin smaller to compensate:

(fancyhdr)                \addtolength{\topmargin}{-1.59999pt}.

[15 <./Img//Precesion.png>]
<./Img//SpinExitationRelaxation.png, id=377, 845.40843pt x 597.73312pt>
File: ./Img//SpinExitationRelaxation.png Graphic file (type png)
<use ./Img//SpinExitationRelaxation.png>
Package pdftex.def Info: ./Img//SpinExitationRelaxation.png  used on input line
 446.
(pdftex.def)             Requested size: 340.37885pt x 240.65776pt.
LaTeX Info: Redefining \. on input line 454.
LaTeX Info: Redefining \% on input line 454.


Package fancyhdr Warning: \headheight is too small (12.0pt): 
(fancyhdr)                Make it at least 13.59999pt, for example:
(fancyhdr)                \setlength{\headheight}{13.59999pt}.
(fancyhdr)                You might also make \topmargin smaller to compensate:

(fancyhdr)                \addtolength{\topmargin}{-1.59999pt}.

[16 <./Img//SpinExitationRelaxation.png>]
<./Img//MRISecuencies.png, id=387, 845.40843pt x 328.97906pt>
File: ./Img//MRISecuencies.png Graphic file (type png)
<use ./Img//MRISecuencies.png>
Package pdftex.def Info: ./Img//MRISecuencies.png  used on input line 460.
(pdftex.def)             Requested size: 340.37885pt x 132.4527pt.


LaTeX Warning: Citation `ivezey2021deep' on page 17 undefined on input line 506
.


Package fancyhdr Warning: \headheight is too small (12.0pt): 
(fancyhdr)                Make it at least 13.59999pt, for example:
(fancyhdr)                \setlength{\headheight}{13.59999pt}.
(fancyhdr)                You might also make \topmargin smaller to compensate:

(fancyhdr)                \addtolength{\topmargin}{-1.59999pt}.

[17 <./Img//MRISecuencies.png>]
LaTeX Info: Redefining \. on input line 522.
LaTeX Info: Redefining \% on input line 522.


Package fancyhdr Warning: \headheight is too small (12.0pt): 
(fancyhdr)                Make it at least 13.59999pt, for example:
(fancyhdr)                \setlength{\headheight}{13.59999pt}.
(fancyhdr)                You might also make \topmargin smaller to compensate:

(fancyhdr)                \addtolength{\topmargin}{-1.59999pt}.

[18]

Package fancyhdr Warning: \headheight is too small (12.0pt): 
(fancyhdr)                Make it at least 13.59999pt, for example:
(fancyhdr)                \setlength{\headheight}{13.59999pt}.
(fancyhdr)                You might also make \topmargin smaller to compensate:

(fancyhdr)                \addtolength{\topmargin}{-1.59999pt}.

[19]
LaTeX Font Info:    Trying to load font information for TS1+phv on input line 5
77.
 (/usr/share/texlive/texmf-dist/tex/latex/psnfss/ts1phv.fd
File: ts1phv.fd 2020/03/25 scalable font definitions for TS1/phv.
)

Package fancyhdr Warning: \headheight is too small (12.0pt): 
(fancyhdr)                Make it at least 13.59999pt, for example:
(fancyhdr)                \setlength{\headheight}{13.59999pt}.
(fancyhdr)                You might also make \topmargin smaller to compensate:

(fancyhdr)                \addtolength{\topmargin}{-1.59999pt}.

[20]
<./Img//EdadGenero.png, id=443, 547.2947pt x 432.11438pt>
File: ./Img//EdadGenero.png Graphic file (type png)
<use ./Img//EdadGenero.png>
Package pdftex.def Info: ./Img//EdadGenero.png  used on input line 589.
(pdftex.def)             Requested size: 340.37885pt x 268.74551pt.
LaTeX Info: Redefining \. on input line 606.
LaTeX Info: Redefining \% on input line 606.


Package fancyhdr Warning: \headheight is too small (12.0pt): 
(fancyhdr)                Make it at least 13.59999pt, for example:
(fancyhdr)                \setlength{\headheight}{13.59999pt}.
(fancyhdr)                You might also make \topmargin smaller to compensate:

(fancyhdr)                \addtolength{\topmargin}{-1.59999pt}.

[21 <./Img//EdadGenero.png>]
<./Img//Acer.png, id=452, 700.11563pt x 228.855pt>
File: ./Img//Acer.png Graphic file (type png)
<use ./Img//Acer.png>
Package pdftex.def Info: ./Img//Acer.png  used on input line 627.
(pdftex.def)             Requested size: 340.37885pt x 111.26341pt.
LaTeX Info: Redefining \. on input line 637.
LaTeX Info: Redefining \% on input line 637.


Package fancyhdr Warning: \headheight is too small (12.0pt): 
(fancyhdr)                Make it at least 13.59999pt, for example:
(fancyhdr)                \setlength{\headheight}{13.59999pt}.
(fancyhdr)                You might also make \topmargin smaller to compensate:

(fancyhdr)                \addtolength{\topmargin}{-1.59999pt}.

[22 <./Img//Acer.png>]
<./Img//Cattell.png, id=462, 700.11563pt x 231.11343pt>
File: ./Img//Cattell.png Graphic file (type png)
<use ./Img//Cattell.png>
Package pdftex.def Info: ./Img//Cattell.png  used on input line 646.
(pdftex.def)             Requested size: 340.37885pt x 112.36142pt.
LaTeX Info: Redefining \. on input line 658.
LaTeX Info: Redefining \% on input line 658.


Package fancyhdr Warning: \headheight is too small (12.0pt): 
(fancyhdr)                Make it at least 13.59999pt, for example:
(fancyhdr)                \setlength{\headheight}{13.59999pt}.
(fancyhdr)                You might also make \topmargin smaller to compensate:

(fancyhdr)                \addtolength{\topmargin}{-1.59999pt}.

[23 <./Img//Cattell.png>]
<./Img//Benton.png, id=475, 537.50812pt x 296.60812pt>
File: ./Img//Benton.png Graphic file (type png)
<use ./Img//Benton.png>
Package pdftex.def Info: ./Img//Benton.png  used on input line 663.
(pdftex.def)             Requested size: 340.37885pt x 187.82811pt.
LaTeX Info: Redefining \. on input line 676.
LaTeX Info: Redefining \% on input line 676.


Package fancyhdr Warning: \headheight is too small (12.0pt): 
(fancyhdr)                Make it at least 13.59999pt, for example:
(fancyhdr)                \setlength{\headheight}{13.59999pt}.
(fancyhdr)                You might also make \topmargin smaller to compensate:

(fancyhdr)                \addtolength{\topmargin}{-1.59999pt}.

[24 <./Img//Benton.png>]
<./Img//RecEmoFaces.png, id=488, 783.67781pt x 535.2497pt>
File: ./Img//RecEmoFaces.png Graphic file (type png)
<use ./Img//RecEmoFaces.png>
Package pdftex.def Info: ./Img//RecEmoFaces.png  used on input line 685.
(pdftex.def)             Requested size: 340.37885pt x 232.48055pt.
LaTeX Info: Redefining \. on input line 695.
LaTeX Info: Redefining \% on input line 695.


Package fancyhdr Warning: \headheight is too small (12.0pt): 
(fancyhdr)                Make it at least 13.59999pt, for example:
(fancyhdr)                \setlength{\headheight}{13.59999pt}.
(fancyhdr)                You might also make \topmargin smaller to compensate:

(fancyhdr)                \addtolength{\topmargin}{-1.59999pt}.

[25 <./Img//RecEmoFaces.png>]
<./Img//PPP.png, id=497, 845.40843pt x 324.46219pt>
File: ./Img//PPP.png Graphic file (type png)
<use ./Img//PPP.png>
Package pdftex.def Info: ./Img//PPP.png  used on input line 704.
(pdftex.def)             Requested size: 340.37885pt x 130.63411pt.
LaTeX Info: Redefining \. on input line 713.
LaTeX Info: Redefining \% on input line 713.


Package fancyhdr Warning: \headheight is too small (12.0pt): 
(fancyhdr)                Make it at least 13.59999pt, for example:
(fancyhdr)                \setlength{\headheight}{13.59999pt}.
(fancyhdr)                You might also make \topmargin smaller to compensate:

(fancyhdr)                \addtolength{\topmargin}{-1.59999pt}.

[26 <./Img//PPP.png>]
<./Img//VSTM.png, id=506, 537.50812pt x 452.4403pt>
File: ./Img//VSTM.png Graphic file (type png)
<use ./Img//VSTM.png>
Package pdftex.def Info: ./Img//VSTM.png  used on input line 724.
(pdftex.def)             Requested size: 316.06447pt x 266.04pt.
LaTeX Info: Redefining \. on input line 732.
LaTeX Info: Redefining \% on input line 732.


Package fancyhdr Warning: \headheight is too small (12.0pt): 
(fancyhdr)                Make it at least 13.59999pt, for example:
(fancyhdr)                \setlength{\headheight}{13.59999pt}.
(fancyhdr)                You might also make \topmargin smaller to compensate:

(fancyhdr)                \addtolength{\topmargin}{-1.59999pt}.

[27 <./Img//VSTM.png>]

Package fancyhdr Warning: \headheight is too small (12.0pt): 
(fancyhdr)                Make it at least 13.59999pt, for example:
(fancyhdr)                \setlength{\headheight}{13.59999pt}.
(fancyhdr)                You might also make \topmargin smaller to compensate:

(fancyhdr)                \addtolength{\topmargin}{-1.59999pt}.

[28]
<./Img//ParcellationApproaches.png, id=528, 597.73312pt x 469.755pt>
File: ./Img//ParcellationApproaches.png Graphic file (type png)
<use ./Img//ParcellationApproaches.png>
Package pdftex.def Info: ./Img//ParcellationApproaches.png  used on input line 
752.
(pdftex.def)             Requested size: 340.37885pt x 267.5051pt.
LaTeX Info: Redefining \. on input line 760.
LaTeX Info: Redefining \% on input line 760.


Package fancyhdr Warning: \headheight is too small (12.0pt): 
(fancyhdr)                Make it at least 13.59999pt, for example:
(fancyhdr)                \setlength{\headheight}{13.59999pt}.
(fancyhdr)                You might also make \topmargin smaller to compensate:

(fancyhdr)                \addtolength{\topmargin}{-1.59999pt}.

[29 <./Img//ParcellationApproaches.png>]

LaTeX Warning: No positions in optional float specifier.
               Default added (so using `tbp') on input line 764.


LaTeX Warning: No positions in optional float specifier.
               Default added (so using `tbp') on input line 791.

LaTeX Info: Redefining \. on input line 822.
LaTeX Info: Redefining \% on input line 822.

Package fancyhdr Warning: \headheight is too small (12.0pt): 
(fancyhdr)                Make it at least 13.59999pt, for example:
(fancyhdr)                \setlength{\headheight}{13.59999pt}.
(fancyhdr)                You might also make \topmargin smaller to compensate:

(fancyhdr)                \addtolength{\topmargin}{-1.59999pt}.

[30]
LaTeX Info: Redefining \. on input line 822.
LaTeX Info: Redefining \% on input line 822.


Package fancyhdr Warning: \headheight is too small (12.0pt): 
(fancyhdr)                Make it at least 13.59999pt, for example:
(fancyhdr)                \setlength{\headheight}{13.59999pt}.
(fancyhdr)                You might also make \topmargin smaller to compensate:

(fancyhdr)                \addtolength{\topmargin}{-1.59999pt}.

[31]
<./Img//T1vT2.png, id=604, 708.39656pt x 597.73312pt>
File: ./Img//T1vT2.png Graphic file (type png)
<use ./Img//T1vT2.png>
Package pdftex.def Info: ./Img//T1vT2.png  used on input line 832.
(pdftex.def)             Requested size: 340.37885pt x 287.20961pt.
LaTeX Info: Redefining \. on input line 836.
LaTeX Info: Redefining \% on input line 836.


Package fancyhdr Warning: \headheight is too small (12.0pt): 
(fancyhdr)                Make it at least 13.59999pt, for example:
(fancyhdr)                \setlength{\headheight}{13.59999pt}.
(fancyhdr)                You might also make \topmargin smaller to compensate:

(fancyhdr)                \addtolength{\topmargin}{-1.59999pt}.

[32]
LaTeX Info: Redefining \. on input line 869.
LaTeX Info: Redefining \% on input line 869.


Package fancyhdr Warning: \headheight is too small (12.0pt): 
(fancyhdr)                Make it at least 13.59999pt, for example:
(fancyhdr)                \setlength{\headheight}{13.59999pt}.
(fancyhdr)                You might also make \topmargin smaller to compensate:

(fancyhdr)                \addtolength{\topmargin}{-1.59999pt}.

[33 <./Img//T1vT2.png>]
LaTeX Info: Redefining \. on input line 894.
LaTeX Info: Redefining \% on input line 894.


Package fancyhdr Warning: \headheight is too small (12.0pt): 
(fancyhdr)                Make it at least 13.59999pt, for example:
(fancyhdr)                \setlength{\headheight}{13.59999pt}.
(fancyhdr)                You might also make \topmargin smaller to compensate:

(fancyhdr)                \addtolength{\topmargin}{-1.59999pt}.

[34]
<./Img//BadChannels.png, id=642, 774.64406pt x 477.28313pt>
File: ./Img//BadChannels.png Graphic file (type png)
<use ./Img//BadChannels.png>
Package pdftex.def Info: ./Img//BadChannels.png  used on input line 900.
(pdftex.def)             Requested size: 340.37885pt x 209.72119pt.
LaTeX Info: Redefining \. on input line 913.
LaTeX Info: Redefining \% on input line 913.


Package fancyhdr Warning: \headheight is too small (12.0pt): 
(fancyhdr)                Make it at least 13.59999pt, for example:
(fancyhdr)                \setlength{\headheight}{13.59999pt}.
(fancyhdr)                You might also make \topmargin smaller to compensate:

(fancyhdr)                \addtolength{\topmargin}{-1.59999pt}.

[35 <./Img//BadChannels.png>]
LaTeX Font Info:    Font shape `OT1/phv/b/it' in size <10.95> not available
(Font)              Font shape `OT1/phv/b/sl' tried instead on input line 915.
<./Img//Prefiltro.png, id=652, 545.78906pt x 363.60844pt>
File: ./Img//Prefiltro.png Graphic file (type png)
<use ./Img//Prefiltro.png>
Package pdftex.def Info: ./Img//Prefiltro.png  used on input line 919.
(pdftex.def)             Requested size: 340.37885pt x 226.76091pt.
LaTeX Info: Redefining \. on input line 928.
LaTeX Info: Redefining \% on input line 928.


Package fancyhdr Warning: \headheight is too small (12.0pt): 
(fancyhdr)                Make it at least 13.59999pt, for example:
(fancyhdr)                \setlength{\headheight}{13.59999pt}.
(fancyhdr)                You might also make \topmargin smaller to compensate:

(fancyhdr)                \addtolength{\topmargin}{-1.59999pt}.

[36 <./Img//Prefiltro.png>]
LaTeX Info: Redefining \. on input line 952.
LaTeX Info: Redefining \% on input line 952.


Package fancyhdr Warning: \headheight is too small (12.0pt): 
(fancyhdr)                Make it at least 13.59999pt, for example:
(fancyhdr)                \setlength{\headheight}{13.59999pt}.
(fancyhdr)                You might also make \topmargin smaller to compensate:

(fancyhdr)                \addtolength{\topmargin}{-1.59999pt}.

[37]
<./Img//HeartAndOcularArtifacts.png, id=669, 845.40843pt x 426.84468pt>
File: ./Img//HeartAndOcularArtifacts.png Graphic file (type png)
<use ./Img//HeartAndOcularArtifacts.png>
Package pdftex.def Info: ./Img//HeartAndOcularArtifacts.png  used on input line
 961.
(pdftex.def)             Requested size: 340.37885pt x 171.8551pt.
LaTeX Info: Redefining \. on input line 970.
LaTeX Info: Redefining \% on input line 970.


Package fancyhdr Warning: \headheight is too small (12.0pt): 
(fancyhdr)                Make it at least 13.59999pt, for example:
(fancyhdr)                \setlength{\headheight}{13.59999pt}.
(fancyhdr)                You might also make \topmargin smaller to compensate:

(fancyhdr)                \addtolength{\topmargin}{-1.59999pt}.

[38 <./Img//HeartAndOcularArtifacts.png>]

LaTeX Warning: Command \textasciiacute invalid in math mode on input line 984.

LaTeX Info: Symbol \textasciiacute not provided by
            font family phv in TS1 encoding.
            Default family used instead on input line 984.

LaTeX Warning: Command \textasciiacute invalid in math mode on input line 984.

LaTeX Font Info:    Trying to load font information for TS1+cmss on input line 
984.
(/usr/share/texlive/texmf-dist/tex/latex/base/ts1cmss.fd
File: ts1cmss.fd 2019/12/16 v2.5j Standard LaTeX font definitions
)

LaTeX Warning: Command \textasciiacute invalid in math mode on input line 984.

Missing character: There is no ¥ in font cmr10!
LaTeX Info: Redefining \. on input line 1009.
LaTeX Info: Redefining \% on input line 1009.

Package fancyhdr Warning: \headheight is too small (12.0pt): 
(fancyhdr)                Make it at least 13.59999pt, for example:
(fancyhdr)                \setlength{\headheight}{13.59999pt}.
(fancyhdr)                You might also make \topmargin smaller to compensate:

(fancyhdr)                \addtolength{\topmargin}{-1.59999pt}.

[39]
LaTeX Info: Redefining \. on input line 1041.
LaTeX Info: Redefining \% on input line 1041.


Package fancyhdr Warning: \headheight is too small (12.0pt): 
(fancyhdr)                Make it at least 13.59999pt, for example:
(fancyhdr)                \setlength{\headheight}{13.59999pt}.
(fancyhdr)                You might also make \topmargin smaller to compensate:

(fancyhdr)                \addtolength{\topmargin}{-1.59999pt}.

[40]
LaTeX Info: Redefining \. on input line 1092.
LaTeX Info: Redefining \% on input line 1092.


Package fancyhdr Warning: \headheight is too small (12.0pt): 
(fancyhdr)                Make it at least 13.59999pt, for example:
(fancyhdr)                \setlength{\headheight}{13.59999pt}.
(fancyhdr)                You might also make \topmargin smaller to compensate:

(fancyhdr)                \addtolength{\topmargin}{-1.59999pt}.

[41]
<./Img//SourceLocalization.png, id=698, 763.35187pt x 490.08093pt>
File: ./Img//SourceLocalization.png Graphic file (type png)
<use ./Img//SourceLocalization.png>
Package pdftex.def Info: ./Img//SourceLocalization.png  used on input line 1125
.
(pdftex.def)             Requested size: 340.37885pt x 218.5228pt.
LaTeX Info: Redefining \. on input line 1130.
LaTeX Info: Redefining \% on input line 1130.


Package fancyhdr Warning: \headheight is too small (12.0pt): 
(fancyhdr)                Make it at least 13.59999pt, for example:
(fancyhdr)                \setlength{\headheight}{13.59999pt}.
(fancyhdr)                You might also make \topmargin smaller to compensate:

(fancyhdr)                \addtolength{\topmargin}{-1.59999pt}.

[42]
LaTeX Info: Redefining \. on input line 1155.
LaTeX Info: Redefining \% on input line 1155.


Package fancyhdr Warning: \headheight is too small (12.0pt): 
(fancyhdr)                Make it at least 13.59999pt, for example:
(fancyhdr)                \setlength{\headheight}{13.59999pt}.
(fancyhdr)                You might also make \topmargin smaller to compensate:

(fancyhdr)                \addtolength{\topmargin}{-1.59999pt}.

[43 <./Img//SourceLocalization.png>]
<./Img//Welch.png, id=718, 688.82344pt x 554.07pt>
File: ./Img//Welch.png Graphic file (type png)
<use ./Img//Welch.png>
Package pdftex.def Info: ./Img//Welch.png  used on input line 1164.
(pdftex.def)             Requested size: 389.00757pt x 312.9064pt.
LaTeX Info: Redefining \. on input line 1179.
LaTeX Info: Redefining \% on input line 1179.


Package fancyhdr Warning: \headheight is too small (12.0pt): 
(fancyhdr)                Make it at least 13.59999pt, for example:
(fancyhdr)                \setlength{\headheight}{13.59999pt}.
(fancyhdr)                You might also make \topmargin smaller to compensate:

(fancyhdr)                \addtolength{\topmargin}{-1.59999pt}.

[44 <./Img//Welch.png>]

LaTeX Warning: Reference `fig:Fig93' on page 45 undefined on input line 1190.

<./Img//Metodolog√≠a.png, id=728, 845.40843pt x 365.86688pt>
File: ./Img//Metodolog√≠a.png Graphic file (type png)
<use ./Img//Metodolog√≠a.png>
Package pdftex.def Info: ./Img//Metodolog√≠a.png  used on input line 1195.
(pdftex.def)             Requested size: 486.25761pt x 210.43323pt.
LaTeX Info: Redefining \. on input line 1200.
LaTeX Info: Redefining \% on input line 1200.

Package fancyhdr Warning: \headheight is too small (12.0pt): 
(fancyhdr)                Make it at least 13.59999pt, for example:
(fancyhdr)                \setlength{\headheight}{13.59999pt}.
(fancyhdr)                You might also make \topmargin smaller to compensate:

(fancyhdr)                \addtolength{\topmargin}{-1.59999pt}.

[45]pdfTeX warning (ext4): destination with the same identifier (name{equation.
6.1}) has been already used, duplicate ignored
<to be read again> 
                   \relax 
l.1204 \begin{equation}
                       pdfTeX warning (ext4): destination with the same identif
ier (name{equation.6.1}) has been already used, duplicate ignored
<to be read again> 
                   \relax 
l.1204 \begin{equation}
                       pdfTeX warning (ext4): destination with the same identif
ier (name{equation.6.1}) has been already used, duplicate ignored
<to be read again> 
                   \relax 
l.1204 \begin{equation}
                       pdfTeX warning (ext4): destination with the same identif
ier (name{equation.6.1}) has been already used, duplicate ignored
<to be read again> 
                   \relax 
l.1204 \begin{equation}
                       pdfTeX warning (ext4): destination with the same identif
ier (name{equation.6.2}) has been already used, duplicate ignored
<to be read again> 
                   \relax 
l.1212 \begin{equation}
                       pdfTeX warning (ext4): destination with the same identif
ier (name{equation.6.2}) has been already used, duplicate ignored
<to be read again> 
                   \relax 
l.1212 \begin{equation}
                       pdfTeX warning (ext4): destination with the same identif
ier (name{equation.6.2}) has been already used, duplicate ignored
<to be read again> 
                   \relax 
l.1212 \begin{equation}
                       pdfTeX warning (ext4): destination with the same identif
ier (name{equation.6.2}) has been already used, duplicate ignored
<to be read again> 
                   \relax 
l.1212 \begin{equation}
                       pdfTeX warning (ext4): destination with the same identif
ier (name{equation.6.3}) has been already used, duplicate ignored
<to be read again> 
                   \relax 
l.1222 \begin{equation}
                       pdfTeX warning (ext4): destination with the same identif
ier (name{equation.6.3}) has been already used, duplicate ignored
<to be read again> 
                   \relax 
l.1222 \begin{equation}
                       pdfTeX warning (ext4): destination with the same identif
ier (name{equation.6.3}) has been already used, duplicate ignored
<to be read again> 
                   \relax 
l.1222 \begin{equation}
                       pdfTeX warning (ext4): destination with the same identif
ier (name{equation.6.3}) has been already used, duplicate ignored
<to be read again> 
                   \relax 
l.1222 \begin{equation}
                       
LaTeX Info: Redefining \. on input line 1228.
LaTeX Info: Redefining \% on input line 1228.


Package fancyhdr Warning: \headheight is too small (12.0pt): 
(fancyhdr)                Make it at least 13.59999pt, for example:
(fancyhdr)                \setlength{\headheight}{13.59999pt}.
(fancyhdr)                You might also make \topmargin smaller to compensate:

(fancyhdr)                \addtolength{\topmargin}{-1.59999pt}.

[46 <./Img//Metodolog√≠a.png>]
<./Img//Pearson.png, id=744, 523.20468pt x 465.99094pt>
File: ./Img//Pearson.png Graphic file (type png)
<use ./Img//Pearson.png>
Package pdftex.def Info: ./Img//Pearson.png  used on input line 1243.
(pdftex.def)             Requested size: 243.1288pt x 216.54134pt.


Package fancyhdr Warning: \headheight is too small (12.0pt): 
(fancyhdr)                Make it at least 13.59999pt, for example:
(fancyhdr)                \setlength{\headheight}{13.59999pt}.
(fancyhdr)                You might also make \topmargin smaller to compensate:

(fancyhdr)                \addtolength{\topmargin}{-1.59999pt}.

[47 <./Img//Pearson.png>]
LaTeX Info: Redefining \. on input line 1266.
LaTeX Info: Redefining \% on input line 1266.


Package fancyhdr Warning: \headheight is too small (12.0pt): 
(fancyhdr)                Make it at least 13.59999pt, for example:
(fancyhdr)                \setlength{\headheight}{13.59999pt}.
(fancyhdr)                You might also make \topmargin smaller to compensate:

(fancyhdr)                \addtolength{\topmargin}{-1.59999pt}.

[48]
<./Img//MLP1.png, id=767, 583.42969pt x 446.41782pt>
File: ./Img//MLP1.png Graphic file (type png)
<use ./Img//MLP1.png>
Package pdftex.def Info: ./Img//MLP1.png  used on input line 1277.
(pdftex.def)             Requested size: 340.37885pt x 260.44835pt.
LaTeX Info: Redefining \. on input line 1285.
LaTeX Info: Redefining \% on input line 1285.


Package fancyhdr Warning: \headheight is too small (12.0pt): 
(fancyhdr)                Make it at least 13.59999pt, for example:
(fancyhdr)                \setlength{\headheight}{13.59999pt}.
(fancyhdr)                You might also make \topmargin smaller to compensate:

(fancyhdr)                \addtolength{\topmargin}{-1.59999pt}.

[49 <./Img//MLP1.png>]
<./Img//MLP2-FreqWin.png, id=775, 608.2725pt x 570.63188pt>
File: ./Img//MLP2-FreqWin.png Graphic file (type png)
<use ./Img//MLP2-FreqWin.png>
Package pdftex.def Info: ./Img//MLP2-FreqWin.png  used on input line 1295.
(pdftex.def)             Requested size: 340.37885pt x 319.32529pt.
LaTeX Info: Redefining \. on input line 1303.
LaTeX Info: Redefining \% on input line 1303.


Package fancyhdr Warning: \headheight is too small (12.0pt): 
(fancyhdr)                Make it at least 13.59999pt, for example:
(fancyhdr)                \setlength{\headheight}{13.59999pt}.
(fancyhdr)                You might also make \topmargin smaller to compensate:

(fancyhdr)                \addtolength{\topmargin}{-1.59999pt}.

[50 <./Img//MLP2-FreqWin.png>]
<./Img//LOO.png, id=786, 597.73312pt x 336.50719pt>
File: ./Img//LOO.png Graphic file (type png)
<use ./Img//LOO.png>
Package pdftex.def Info: ./Img//LOO.png  used on input line 1315.
(pdftex.def)             Requested size: 243.1288pt x 136.87514pt.
LaTeX Info: Redefining \. on input line 1323.
LaTeX Info: Redefining \% on input line 1323.


Package fancyhdr Warning: \headheight is too small (12.0pt): 
(fancyhdr)                Make it at least 13.59999pt, for example:
(fancyhdr)                \setlength{\headheight}{13.59999pt}.
(fancyhdr)                You might also make \topmargin smaller to compensate:

(fancyhdr)                \addtolength{\topmargin}{-1.59999pt}.

[51 <./Img//LOO.png>]
<./Img//Correlation.png, id=794, 841.64438pt x 283.81032pt>
File: ./Img//Correlation.png Graphic file (type png)
<use ./Img//Correlation.png>
Package pdftex.def Info: ./Img//Correlation.png  used on input line 1326.
(pdftex.def)             Requested size: 486.25761pt x 163.9735pt.
<./Img//VarExp.png, id=797, 654.19406pt x 599.23875pt>
File: ./Img//VarExp.png Graphic file (type png)
<use ./Img//VarExp.png>
Package pdftex.def Info: ./Img//VarExp.png  used on input line 1343.
(pdftex.def)             Requested size: 340.37885pt x 311.77968pt.
LaTeX Info: Redefining \. on input line 1347.
LaTeX Info: Redefining \% on input line 1347.


Package fancyhdr Warning: \headheight is too small (12.0pt): 
(fancyhdr)                Make it at least 13.59999pt, for example:
(fancyhdr)                \setlength{\headheight}{13.59999pt}.
(fancyhdr)                You might also make \topmargin smaller to compensate:

(fancyhdr)                \addtolength{\topmargin}{-1.59999pt}.

[52 <./Img//Correlation.png>]
<./Img//OnlyOneTrainTestRatio.png, id=805, 797.98125pt x 447.92343pt>
File: ./Img//OnlyOneTrainTestRatio.png Graphic file (type png)
<use ./Img//OnlyOneTrainTestRatio.png>
Package pdftex.def Info: ./Img//OnlyOneTrainTestRatio.png  used on input line 1
357.
(pdftex.def)             Requested size: 340.37885pt x 191.05865pt.
LaTeX Info: Redefining \. on input line 1362.
LaTeX Info: Redefining \% on input line 1362.


Package fancyhdr Warning: \headheight is too small (12.0pt): 
(fancyhdr)                Make it at least 13.59999pt, for example:
(fancyhdr)                \setlength{\headheight}{13.59999pt}.
(fancyhdr)                You might also make \topmargin smaller to compensate:

(fancyhdr)                \addtolength{\topmargin}{-1.59999pt}.

[53 <./Img//VarExp.png>]
LaTeX Info: Redefining \. on input line 1372.
LaTeX Info: Redefining \% on input line 1372.


Package fancyhdr Warning: \headheight is too small (12.0pt): 
(fancyhdr)                Make it at least 13.59999pt, for example:
(fancyhdr)                \setlength{\headheight}{13.59999pt}.
(fancyhdr)                You might also make \topmargin smaller to compensate:

(fancyhdr)                \addtolength{\topmargin}{-1.59999pt}.

[54 <./Img//OnlyOneTrainTestRatio.png>]
<./Img//Anat1.png, id=822, 866.48718pt x 336.50719pt>
File: ./Img//Anat1.png Graphic file (type png)
<use ./Img//Anat1.png>
Package pdftex.def Info: ./Img//Anat1.png  used on input line 1378.
(pdftex.def)             Requested size: 340.37885pt x 132.18718pt.
pdfTeX warning (ext4): destination with the same identifier (name{equation.7.1}
) has been already used, duplicate ignored
<to be read again> 
                   \relax 
l.1386 \begin{equation}
                       pdfTeX warning (ext4): destination with the same identif
ier (name{equation.7.1}) has been already used, duplicate ignored
<to be read again> 
                   \relax 
l.1386 \begin{equation}
                       pdfTeX warning (ext4): destination with the same identif
ier (name{equation.7.1}) has been already used, duplicate ignored
<to be read again> 
                   \relax 
l.1386 \begin{equation}
                       pdfTeX warning (ext4): destination with the same identif
ier (name{equation.7.1}) has been already used, duplicate ignored
<to be read again> 
                   \relax 
l.1386 \begin{equation}
                       

LaTeX Warning: Citation `fjell2009high' on page 55 undefined on input line 1392
.

<./Img//Anat2.png, id=825, 845.40843pt x 368.87813pt>
File: ./Img//Anat2.png Graphic file (type png)
<use ./Img//Anat2.png>
Package pdftex.def Info: ./Img//Anat2.png  used on input line 1396.
(pdftex.def)             Requested size: 340.37885pt x 148.51675pt.
LaTeX Info: Redefining \. on input line 1401.
LaTeX Info: Redefining \% on input line 1401.

Package fancyhdr Warning: \headheight is too small (12.0pt): 
(fancyhdr)                Make it at least 13.59999pt, for example:
(fancyhdr)                \setlength{\headheight}{13.59999pt}.
(fancyhdr)                You might also make \topmargin smaller to compensate:

(fancyhdr)                \addtolength{\topmargin}{-1.59999pt}.

[55 <./Img//Anat1.png>]
<./Img//DeepNN.png, id=834, 597.73312pt x 204.765pt>
File: ./Img//DeepNN.png Graphic file (type png)
<use ./Img//DeepNN.png>
Package pdftex.def Info: ./Img//DeepNN.png  used on input line 1413.
(pdftex.def)             Requested size: 437.62888pt x 149.92087pt.
LaTeX Info: Redefining \. on input line 1418.
LaTeX Info: Redefining \% on input line 1418.


Package fancyhdr Warning: \headheight is too small (12.0pt): 
(fancyhdr)                Make it at least 13.59999pt, for example:
(fancyhdr)                \setlength{\headheight}{13.59999pt}.
(fancyhdr)                You might also make \topmargin smaller to compensate:

(fancyhdr)                \addtolength{\topmargin}{-1.59999pt}.

[56 <./Img//Anat2.png>]
<./Img//AllModels.png, id=842, 597.73312pt x 484.81125pt>
File: ./Img//AllModels.png Graphic file (type png)
<use ./Img//AllModels.png>
Package pdftex.def Info: ./Img//AllModels.png  used on input line 1424.
(pdftex.def)             Requested size: 243.1288pt x 197.1982pt.
LaTeX Info: Redefining \. on input line 1471.
LaTeX Info: Redefining \% on input line 1471.


Package fancyhdr Warning: \headheight is too small (12.0pt): 
(fancyhdr)                Make it at least 13.59999pt, for example:
(fancyhdr)                \setlength{\headheight}{13.59999pt}.
(fancyhdr)                You might also make \topmargin smaller to compensate:

(fancyhdr)                \addtolength{\topmargin}{-1.59999pt}.

[57 <./Img//DeepNN.png> <./Img//AllModels.png>]

Package fancyhdr Warning: \headheight is too small (12.0pt): 
(fancyhdr)                Make it at least 13.59999pt, for example:
(fancyhdr)                \setlength{\headheight}{13.59999pt}.
(fancyhdr)                You might also make \topmargin smaller to compensate:

(fancyhdr)                \addtolength{\topmargin}{-1.59999pt}.

[58] (./NeuroDecodingTex.bbl

Package fancyhdr Warning: \headheight is too small (12.0pt): 
(fancyhdr)                Make it at least 13.59999pt, for example:
(fancyhdr)                \setlength{\headheight}{13.59999pt}.
(fancyhdr)                You might also make \topmargin smaller to compensate:

(fancyhdr)                \addtolength{\topmargin}{-1.59999pt}.

[59]
LaTeX Info: Redefining \. on input line 148.
LaTeX Info: Redefining \% on input line 148.


Package fancyhdr Warning: \headheight is too small (12.0pt): 
(fancyhdr)                Make it at least 13.59999pt, for example:
(fancyhdr)                \setlength{\headheight}{13.59999pt}.
(fancyhdr)                You might also make \topmargin smaller to compensate:

(fancyhdr)                \addtolength{\topmargin}{-1.59999pt}.

[60]
LaTeX Info: Redefining \. on input line 222.
LaTeX Info: Redefining \% on input line 222.


Package fancyhdr Warning: \headheight is too small (12.0pt): 
(fancyhdr)                Make it at least 13.59999pt, for example:
(fancyhdr)                \setlength{\headheight}{13.59999pt}.
(fancyhdr)                You might also make \topmargin smaller to compensate:

(fancyhdr)                \addtolength{\topmargin}{-1.59999pt}.

[61]
LaTeX Info: Redefining \. on input line 295.
LaTeX Info: Redefining \% on input line 295.


Package fancyhdr Warning: \headheight is too small (12.0pt): 
(fancyhdr)                Make it at least 13.59999pt, for example:
(fancyhdr)                \setlength{\headheight}{13.59999pt}.
(fancyhdr)                You might also make \topmargin smaller to compensate:

(fancyhdr)                \addtolength{\topmargin}{-1.59999pt}.

[62]
LaTeX Info: Redefining \. on input line 364.
LaTeX Info: Redefining \% on input line 364.


Package fancyhdr Warning: \headheight is too small (12.0pt): 
(fancyhdr)                Make it at least 13.59999pt, for example:
(fancyhdr)                \setlength{\headheight}{13.59999pt}.
(fancyhdr)                You might also make \topmargin smaller to compensate:

(fancyhdr)                \addtolength{\topmargin}{-1.59999pt}.

[63]
LaTeX Info: Redefining \. on input line 430.
LaTeX Info: Redefining \% on input line 430.


Package fancyhdr Warning: \headheight is too small (12.0pt): 
(fancyhdr)                Make it at least 13.59999pt, for example:
(fancyhdr)                \setlength{\headheight}{13.59999pt}.
(fancyhdr)                You might also make \topmargin smaller to compensate:

(fancyhdr)                \addtolength{\topmargin}{-1.59999pt}.

[64]
LaTeX Info: Redefining \. on input line 499.
LaTeX Info: Redefining \% on input line 499.


Package fancyhdr Warning: \headheight is too small (12.0pt): 
(fancyhdr)                Make it at least 13.59999pt, for example:
(fancyhdr)                \setlength{\headheight}{13.59999pt}.
(fancyhdr)                You might also make \topmargin smaller to compensate:

(fancyhdr)                \addtolength{\topmargin}{-1.59999pt}.

[65]
LaTeX Info: Redefining \. on input line 570.
LaTeX Info: Redefining \% on input line 570.


Package fancyhdr Warning: \headheight is too small (12.0pt): 
(fancyhdr)                Make it at least 13.59999pt, for example:
(fancyhdr)                \setlength{\headheight}{13.59999pt}.
(fancyhdr)                You might also make \topmargin smaller to compensate:

(fancyhdr)                \addtolength{\topmargin}{-1.59999pt}.

[66]
LaTeX Info: Redefining \. on input line 638.
LaTeX Info: Redefining \% on input line 638.


Package fancyhdr Warning: \headheight is too small (12.0pt): 
(fancyhdr)                Make it at least 13.59999pt, for example:
(fancyhdr)                \setlength{\headheight}{13.59999pt}.
(fancyhdr)                You might also make \topmargin smaller to compensate:

(fancyhdr)                \addtolength{\topmargin}{-1.59999pt}.

[67]
LaTeX Info: Redefining \. on input line 711.
LaTeX Info: Redefining \% on input line 711.


Package fancyhdr Warning: \headheight is too small (12.0pt): 
(fancyhdr)                Make it at least 13.59999pt, for example:
(fancyhdr)                \setlength{\headheight}{13.59999pt}.
(fancyhdr)                You might also make \topmargin smaller to compensate:

(fancyhdr)                \addtolength{\topmargin}{-1.59999pt}.

[68]
LaTeX Info: Redefining \. on input line 790.
LaTeX Info: Redefining \% on input line 790.


Package fancyhdr Warning: \headheight is too small (12.0pt): 
(fancyhdr)                Make it at least 13.59999pt, for example:
(fancyhdr)                \setlength{\headheight}{13.59999pt}.
(fancyhdr)                You might also make \topmargin smaller to compensate:

(fancyhdr)                \addtolength{\topmargin}{-1.59999pt}.

[69]
LaTeX Info: Redefining \. on input line 858.
LaTeX Info: Redefining \% on input line 858.


Package fancyhdr Warning: \headheight is too small (12.0pt): 
(fancyhdr)                Make it at least 13.59999pt, for example:
(fancyhdr)                \setlength{\headheight}{13.59999pt}.
(fancyhdr)                You might also make \topmargin smaller to compensate:

(fancyhdr)                \addtolength{\topmargin}{-1.59999pt}.

[70]
LaTeX Info: Redefining \. on input line 919.
LaTeX Info: Redefining \% on input line 919.


Package fancyhdr Warning: \headheight is too small (12.0pt): 
(fancyhdr)                Make it at least 13.59999pt, for example:
(fancyhdr)                \setlength{\headheight}{13.59999pt}.
(fancyhdr)                You might also make \topmargin smaller to compensate:

(fancyhdr)                \addtolength{\topmargin}{-1.59999pt}.

[71]
LaTeX Info: Redefining \. on input line 988.
LaTeX Info: Redefining \% on input line 988.


Package fancyhdr Warning: \headheight is too small (12.0pt): 
(fancyhdr)                Make it at least 13.59999pt, for example:
(fancyhdr)                \setlength{\headheight}{13.59999pt}.
(fancyhdr)                You might also make \topmargin smaller to compensate:

(fancyhdr)                \addtolength{\topmargin}{-1.59999pt}.

[72])
LaTeX Info: Redefining \. on input line 1514.
LaTeX Info: Redefining \% on input line 1514.


Package fancyhdr Warning: \headheight is too small (12.0pt): 
(fancyhdr)                Make it at least 13.59999pt, for example:
(fancyhdr)                \setlength{\headheight}{13.59999pt}.
(fancyhdr)                You might also make \topmargin smaller to compensate:

(fancyhdr)                \addtolength{\topmargin}{-1.59999pt}.

[73] (./NeuroDecodingTex.aux
LaTeX Info: Redefining \. on input line 22.
LaTeX Info: Redefining \% on input line 22.
)

LaTeX Warning: There were undefined references.


LaTeX Warning: There were multiply-defined labels.

Package rerunfilecheck Info: File `NeuroDecodingTex.out' has not changed.
(rerunfilecheck)             Checksum: 214AD68873D34331728ECCFF71B8DE45;6266.
 ) 
Here is how much of TeX's memory you used:
 14495 strings out of 478287
 237377 string characters out of 5849289
 545959 words of memory out of 5000000
 32031 multiletter control sequences out of 15000+600000
 509372 words of font info for 98 fonts, out of 8000000 for 9000
 1141 hyphenation exceptions out of 8191
 70i,19n,117p,1221b,764s stack positions out of 5000i,500n,10000p,200000b,80000s
{/usr/share/texlive/texmf-dist/fonts/enc/dvips/base/8r.enc}</usr/share/texliv
e/texmf-dist/fonts/type1/public/amsfonts/cm/cmbx10.pfb></usr/share/texlive/texm
f-dist/fonts/type1/public/amsfonts/cm/cmbx8.pfb></usr/share/texlive/texmf-dist/
fonts/type1/public/amsfonts/cm/cmex10.pfb></usr/share/texlive/texmf-dist/fonts/
type1/public/amsfonts/cm/cmmi10.pfb></usr/share/texlive/texmf-dist/fonts/type1/
public/amsfonts/cm/cmmi6.pfb></usr/share/texlive/texmf-dist/fonts/type1/public/
amsfonts/cm/cmmi8.pfb></usr/share/texlive/texmf-dist/fonts/type1/public/amsfont
s/cm/cmr10.pfb></usr/share/texlive/texmf-dist/fonts/type1/public/amsfonts/cm/cm
r6.pfb></usr/share/texlive/texmf-dist/fonts/type1/public/amsfonts/cm/cmr8.pfb><
/usr/share/texlive/texmf-dist/fonts/type1/public/amsfonts/cm/cmsy10.pfb></usr/s
hare/texlive/texmf-dist/fonts/type1/public/amsfonts/cm/cmsy6.pfb></usr/share/te
xlive/texmf-dist/fonts/type1/public/amsfonts/cm/cmsy8.pfb></usr/share/texlive/t
exmf-dist/fonts/type1/public/amsfonts/cm/cmtt10.pfb></usr/share/texlive/texmf-d
ist/fonts/type1/public/amsfonts/symbols/msam10.pfb></usr/share/texlive/texmf-di
st/fonts/type1/public/amsfonts/symbols/msbm10.pfb></usr/share/texlive/texmf-dis
t/fonts/type1/urw/helvetic/uhvb8a.pfb></usr/share/texlive/texmf-dist/fonts/type
1/urw/helvetic/uhvbo8a.pfb></usr/share/texlive/texmf-dist/fonts/type1/urw/helve
tic/uhvr8a.pfb></usr/share/texlive/texmf-dist/fonts/type1/urw/helvetic/uhvro8a.
pfb>
Output written on NeuroDecodingTex.pdf (74 pages, 8006191 bytes).
PDF statistics:
 1165 PDF objects out of 1200 (max. 8388607)
 964 compressed objects within 10 object streams
 368 named destinations out of 1000 (max. 500000)
 464 words of extra memory for PDF output out of 10000 (max. 10000000)

