\BOOKMARK [1][-]{section.1}{\376\377\000I\000n\000t\000r\000o\000d\000u\000c\000c\000i\000\363\000n\000\040}{}% 1
\BOOKMARK [2][-]{subsection.1.1}{\376\377\000R\000e\000g\000i\000s\000t\000r\000o}{section.1}% 2
\BOOKMARK [3][-]{subsubsection.1.1.1}{\376\377\000M\000a\000g\000n\000e\000t\000o\000e\000n\000c\000e\000f\000a\000l\000o\000g\000r\000a\000f\000\355\000a}{subsection.1.1}% 3
\BOOKMARK [3][-]{subsubsection.1.1.2}{\376\377\000R\000e\000s\000o\000n\000a\000n\000c\000i\000a\000\040\000M\000a\000g\000n\000\351\000t\000i\000c\000a}{subsection.1.1}% 4
\BOOKMARK [1][-]{section.2}{\376\377\000A\000n\000t\000e\000c\000e\000d\000e\000n\000t\000e\000s}{}% 5
\BOOKMARK [2][-]{subsection.2.1}{\376\377\000D\000e\000c\000o\000d\000i\000f\000i\000c\000a\000c\000i\000\363\000n\000\040\000n\000e\000u\000r\000o\000n\000a\000l}{section.2}% 6
\BOOKMARK [1][-]{section.3}{\376\377\000D\000e\000s\000c\000r\000i\000p\000c\000i\000\363\000n\000\040\000d\000e\000l\000\040\000p\000r\000o\000b\000l\000e\000m\000a}{}% 7
\BOOKMARK [1][-]{section.4}{\376\377\000O\000b\000j\000e\000t\000i\000v\000o\000s\000\040}{}% 8
\BOOKMARK [1][-]{section.5}{\376\377\000M\000a\000t\000e\000r\000i\000a\000l}{}% 9
\BOOKMARK [2][-]{subsection.5.1}{\376\377\000I\000n\000f\000o\000r\000m\000a\000c\000i\000\363\000n\000\040\000d\000e\000m\000o\000g\000r\000\341\000f\000i\000c\000a}{section.5}% 10
\BOOKMARK [2][-]{subsection.5.2}{\376\377\000P\000u\000n\000t\000a\000j\000e\000s\000\040\000c\000o\000g\000n\000i\000t\000i\000v\000o\000s\000/\000c\000o\000n\000d\000u\000c\000t\000u\000a\000l\000e\000s}{section.5}% 11
\BOOKMARK [3][-]{subsubsection.5.2.1}{\376\377\000I\000n\000t\000e\000l\000i\000g\000e\000n\000c\000i\000a\000\040\000c\000r\000i\000s\000t\000a\000l\000i\000z\000a\000d\000a}{subsection.5.2}% 12
\BOOKMARK [3][-]{subsubsection.5.2.2}{\376\377\000I\000n\000t\000e\000l\000i\000g\000e\000n\000c\000i\000a\000\040\000F\000l\000u\000i\000d\000a}{subsection.5.2}% 13
\BOOKMARK [3][-]{subsubsection.5.2.3}{\376\377\000R\000e\000c\000o\000n\000o\000c\000i\000m\000i\000e\000n\000t\000o\000\040\000d\000e\000\040\000r\000o\000s\000t\000r\000o\000s}{subsection.5.2}% 14
\BOOKMARK [3][-]{subsubsection.5.2.4}{\376\377\000R\000e\000c\000o\000n\000o\000c\000i\000m\000i\000e\000n\000t\000o\000\040\000d\000e\000\040\000e\000x\000p\000r\000e\000s\000i\000o\000n\000e\000s\000\040\000f\000a\000c\000i\000a\000l\000e\000s}{subsection.5.2}% 15
\BOOKMARK [3][-]{subsubsection.5.2.5}{\376\377\000P\000i\000c\000t\000u\000r\000e\000-\000P\000i\000c\000t\000u\000r\000e\000\040\000P\000r\000i\000m\000i\000n\000g\000\040\000\050\000P\000P\000P\000\051\000\040}{subsection.5.2}% 16
\BOOKMARK [2][-]{subsection.5.3}{\376\377\000M\000e\000m\000o\000r\000i\000a\000\040\000v\000i\000s\000u\000a\000l\000\040\000a\000\040\000c\000o\000r\000t\000o\000\040\000p\000l\000a\000z\000o}{section.5}% 17
\BOOKMARK [1][-]{section.6}{\376\377\000M\000\351\000t\000o\000d\000o\000s}{}% 18
\BOOKMARK [2][-]{subsection.6.1}{\376\377\000P\000a\000r\000c\000e\000l\000a\000c\000i\000\363\000n\000\040\000d\000e\000\040\000l\000a\000\040\000m\000a\000s\000a\000\040\000e\000n\000c\000e\000f\000\341\000l\000i\000c\000a}{section.6}% 19
\BOOKMARK [2][-]{subsection.6.2}{\376\377\000C\000a\000r\000a\000c\000t\000e\000r\000\355\000s\000t\000i\000c\000a\000s\000\040\000A\000n\000a\000t\000\363\000m\000i\000c\000a\000s}{section.6}% 20
\BOOKMARK [2][-]{subsection.6.3}{\376\377\000C\000a\000r\000a\000c\000t\000e\000r\000\355\000s\000t\000i\000c\000a\000s\000\040\000E\000s\000p\000e\000c\000t\000r\000a\000l\000e\000s}{section.6}% 21
\BOOKMARK [3][-]{subsubsection.6.3.1}{\376\377\000D\000e\000t\000e\000c\000c\000i\000\363\000n\000\040\000y\000\040\000e\000l\000i\000m\000i\000n\000a\000c\000i\000\363\000n\000\040\000d\000e\000\040\000e\000l\000e\000c\000t\000r\000o\000d\000o\000s\000\040\000d\000a\000\361\000a\000d\000o\000s}{subsection.6.3}% 22
\BOOKMARK [3][-]{subsubsection.6.3.2}{\376\377\000F\000i\000l\000t\000r\000a\000d\000o}{subsection.6.3}% 23
\BOOKMARK [3][-]{subsubsection.6.3.3}{\376\377\000D\000e\000t\000e\000c\000c\000i\000\363\000n\000\040\000y\000\040\000e\000l\000i\000m\000i\000n\000a\000c\000i\000\363\000n\000\040\000d\000e\000\040\000a\000r\000t\000e\000f\000a\000c\000t\000o\000s}{subsection.6.3}% 24
\BOOKMARK [3][-]{subsubsection.6.3.4}{\376\377\000E\000s\000t\000i\000m\000a\000c\000i\000\363\000n\000\040\000d\000e\000\040\000f\000u\000e\000n\000t\000e\000s}{subsection.6.3}% 25
\BOOKMARK [3][-]{subsubsection.6.3.5}{\376\377\000T\000r\000a\000n\000s\000f\000o\000r\000m\000a\000d\000a\000\040\000W\000e\000l\000c\000h}{subsection.6.3}% 26
\BOOKMARK [2][-]{subsection.6.4}{\376\377\000C\000l\000a\000s\000i\000f\000i\000c\000a\000c\000i\000\363\000n}{section.6}% 27
\BOOKMARK [3][-]{subsubsection.6.4.1}{\376\377\000P\000r\000e\000d\000i\000c\000c\000i\000\363\000n\000:\000\040\000R\000e\000d\000\040\000n\000e\000u\000r\000o\000n\000a\000l\000\040\000p\000r\000o\000f\000u\000n\000d\000a}{subsection.6.4}% 28
\BOOKMARK [3][-]{subsubsection.6.4.2}{\376\377\000P\000e\000r\000c\000e\000p\000t\000r\000o\000n\000\040\000M\000u\000l\000t\000i\000c\000a\000p\000a}{subsection.6.4}% 29
\BOOKMARK [1][-]{section.7}{\376\377\000R\000e\000s\000u\000l\000t\000a\000d\000o\000s}{}% 30
\BOOKMARK [2][-]{subsection.7.1}{\376\377\000P\000r\000e\000d\000i\000c\000c\000i\000\363\000n\000\040\000d\000e\000\040\000d\000e\000m\000o\000g\000r\000\341\000f\000i\000c\000o\000s}{section.7}% 31
\BOOKMARK [3][-]{subsubsection.7.1.1}{\376\377\000C\000a\000r\000a\000c\000t\000e\000r\000\355\000s\000t\000i\000c\000a\000s\000\040\000e\000s\000p\000e\000c\000t\000r\000a\000l\000e\000s}{subsection.7.1}% 32
\BOOKMARK [3][-]{subsubsection.7.1.2}{\376\377\000C\000a\000r\000a\000c\000t\000e\000r\000\355\000s\000t\000i\000c\000a\000s\000\040\000a\000n\000a\000t\000\363\000m\000i\000c\000a\000s}{subsection.7.1}% 33
\BOOKMARK [3][-]{subsubsection.7.1.3}{\376\377\000R\000e\000d\000\040\000n\000e\000u\000r\000o\000n\000a\000l\000\040\000p\000r\000o\000f\000u\000n\000d\000a}{subsection.7.1}% 34
\BOOKMARK [1][-]{section.8}{\376\377\000C\000o\000n\000c\000l\000u\000s\000i\000\363\000n}{}% 35
\BOOKMARK [1][-]{section.9}{\376\377\000B\000i\000b\000l\000i\000o\000g\000r\000a\000f\000\355\000a\000\040}{}% 36
